<?xml version="1.0" encoding="UTF-8"?>
<!-- Generated by org.testng.reporters.JUnitReportReporter -->
<testsuite hostname="TYSS-Shobha" failures="0" tests="1" name="Pratice.Browser" time="0.011" errors="0" timestamp="2023-07-12T10:52:30 IST" skipped="0">
  <testcase classname="Pratice.Browser" name="m1" time="0.011"/>
  <system-out/>
</testsuite> <!-- Pratice.Browser -->
